<?xml version="1.0" encoding="UTF-8"?>
<robot generator="Robot 7.4.2 (Python 3.12.3 on linux)" generated="2026-04-01T11:50:50.143420" rpa="false" schemaversion="5">
<suite id="s1" name="Test Suite" source="/home/vvdn/Location_Detector/UNIFAS_Zipfile/UNIFAS/Test_Suite.robot">
<test id="s1-t1" name="Session Login Test" line="21">
<kw name="Create Session" owner="RequestsLibrary">
<msg time="2026-04-01T11:50:50.247466" level="INFO">Creating Session using : alias=mysession, url=https://uf17-fdev.unifas.jp/UNIFAS/MS/, headers={},                     cookies={}, auth=None, timeout=None, proxies=None, verify=False,                     debug=0 </msg>
<arg>mysession</arg>
<arg>${BASE_URL}</arg>
<doc>Create Session: create a HTTP session to a server</doc>
<status status="PASS" start="2026-04-01T11:50:50.246949" elapsed="0.001929"/>
</kw>
<kw name="GET On Session" owner="RequestsLibrary">
<msg time="2026-04-01T11:50:51.850179" level="INFO">GET Request : url=https://uf17-fdev.unifas.jp/UNIFAS/MS/admin/login.php 
 path_url=/UNIFAS/MS/admin/login.php 
 headers={'User-Agent': 'python-requests/2.31.0', 'Accept-Encoding': 'gzip, deflate, br', 'Accept': '*/*', 'Connection': 'keep-alive'} 
 body=None 
 </msg>
<msg time="2026-04-01T11:50:51.850606" level="INFO">GET Response : url=https://uf17-fdev.unifas.jp/UNIFAS/MS/admin/login.php 
 status=200, reason=OK 
 headers={'Server': 'openresty', 'Date': 'Wed, 01 Apr 2026 06:20:51 GMT', 'Content-Type': 'text/html; charset=UTF-8', 'Content-Length': '2378', 'Connection': 'keep-alive', 'Cache-Control': 'no-store, no-cache, must-revalidate', 'Pragma': 'no-cache', 'Expires': 'Thu, 19 Nov 1981 08:52:00 GMT', 'X-Content-Type-Options': 'nosniff', 'X-FRAME-Options': 'DENY', 'X-XSS-PROTECTION': '1; mode=block', 'Strict-Transport-Security': 'max-age=31536000, max-age=31536000; includeSubDomains', 'Content-Security-Policy': "default-src 'self'; script-src 'self' 'unsafe-inline'; worker-src blob:; style-src 'self' 'unsafe-inline'; img-src 'self' data:; frame-ancestors 'none';", 'Set-Cookie': '5a3a5d9c-6b53-4946-a503-cbf3cb236345=8f179d2b9fea27cc5ed3c03e0c22f8ccdcb25e4e; path=/UNIFAS/MS; secure; HttpOnly; SameSite=None'} 
 body=&lt;!DOCTYPE html&gt;
&lt;html lang="ja"&gt;

&lt;head&gt;
	&lt;meta charset="utf-8"&gt;
	&lt;meta http-equiv="X-UA-Compatible" content="IE=edge"&gt;
	&lt;meta name="viewport" content="width=device-width, initial-scale=1"&gt;
	&lt;title&gt;UNIFAS UI Login&lt;/title&gt;
	&lt;link rel="stylesheet" href="../ui/css/import.css"&gt;
	&lt;script src="../ui/js/import.js"&gt;&lt;/script&gt;
&lt;/head&gt;

&lt;body&gt;
	&lt;div class="ui-login-hero"&gt;
		&lt;div class="ui-login-hero-contents"&gt;
			&lt;h1 class="ui-loigin-hero-logo"&gt;&lt;img src="../images/logo_unifas@2x.png" alt="UNIFAS" /&gt;&lt;/h1&gt;
			&lt;p&gt;UNIFAS Managed Server&lt;br&gt;Wireless Network Management System&lt;/p&gt;
		&lt;/div&gt;
	&lt;/div&gt;
&lt;!-- 未認証 --&gt;
	&lt;div class="container ui-login-contents"&gt;
		&lt;div class="row"&gt;
			&lt;div class="ui-login-form col-lg-4 offset-lg-4"&gt;
				&lt;p id="error-message" class="alert alert-danger ui-alert-error" style="display:none;"&gt;&lt;/p&gt;
				&lt;form&gt;
					&lt;div class="input-group form-group"&gt;
						&lt;div class="input-group-prepend"&gt;
							&lt;span class="input-group-text ui-login-input-icon"&gt;
								&lt;i class="fa fa-globe fa-fw" aria-hidden="true"&gt;&lt;/i&gt;
							&lt;/span&gt;
						&lt;/div&gt;
						&lt;input name="SITE" type="text" class="form-control ui-login-input" placeholder="Site"  maxlength="64" style="ime-mode: disabled;"&gt;
					&lt;/div&gt;
					&lt;div class="input-group form-group"&gt;
						&lt;div class="input-group-prepend"&gt;
							&lt;span class="input-group-text ui-login-input-icon"&gt;&lt;i class="fa fa-id-card fa-fw" aria-hidden="true"&gt;&lt;/i&gt;&lt;/span&gt;
						&lt;/div&gt;
						&lt;input name="LID" type="text" class="form-control ui-login-input" placeholder="Login ID"  maxlength="64" style="ime-mode: disabled;"&gt;
					&lt;/div&gt;
					&lt;div class="form-group text-right"&gt;
						&lt;div class="input-group"&gt;
							&lt;div class="input-group-prepend"&gt;
								&lt;span class="input-group-text ui-login-input-icon"&gt;&lt;i class="fa fa-lock fa-fw" aria-hidden="true"&gt;&lt;/i&gt;&lt;/span&gt;
							&lt;/div&gt;
							&lt;input id="password-input" name="LPWD" type="password" class="form-control ui-login-input" placeholder="Password" maxlength="40"&gt;
						&lt;/div&gt;
						&lt;button type="button" class="btn btn-xs ui-btn-primary ui-show-password" data-password-id="password-input"&gt;パスワードを表示&lt;/button&gt;
					&lt;/div&gt;
					&lt;button id="login-button" type="button" class="btn ui-btn-primary ui-login-btn"&gt;ログイン&lt;/button&gt;
				&lt;/form&gt;
			&lt;/div&gt;
		&lt;/div&gt;&lt;!-- /.row --&gt;
	&lt;/div&gt;&lt;!-- /.container --&gt;
&lt;/body&gt;
&lt;/html&gt;
 
 </msg>
<msg time="2026-04-01T11:50:51.850951" level="INFO">/usr/lib/python3/dist-packages/urllib3/connectionpool.py:1100: InsecureRequestWarning: Unverified HTTPS request is being made to host 'uf17-fdev.unifas.jp'. Adding certificate verification is strongly advised. See: https://urllib3.readthedocs.io/en/latest/advanced-usage.html#tls-warnings
  warnings.warn(</msg>
<msg time="2026-04-01T11:50:51.851273" level="INFO">${resp1} = &lt;Response [200]&gt;</msg>
<var>${resp1}</var>
<arg>mysession</arg>
<arg>${LOGIN_PAGE}</arg>
<doc>Sends a GET request on a previously created HTTP Session.</doc>
<status status="PASS" start="2026-04-01T11:50:50.249134" elapsed="1.602278"/>
</kw>
<kw name="Log" owner="BuiltIn">
<msg time="2026-04-01T11:50:51.853060" level="INFO">Login Page Status: &lt;!DOCTYPE html&gt;
&lt;html lang="ja"&gt;

&lt;head&gt;
	&lt;meta charset="utf-8"&gt;
	&lt;meta http-equiv="X-UA-Compatible" content="IE=edge"&gt;
	&lt;meta name="viewport" content="width=device-width, initial-scale=1"&gt;
	&lt;title&gt;UNIFAS UI Login&lt;/title&gt;
	&lt;link rel="stylesheet" href="../ui/css/import.css"&gt;
	&lt;script src="../ui/js/import.js"&gt;&lt;/script&gt;
&lt;/head&gt;

&lt;body&gt;
	&lt;div class="ui-login-hero"&gt;
		&lt;div class="ui-login-hero-contents"&gt;
			&lt;h1 class="ui-loigin-hero-logo"&gt;&lt;img src="../images/logo_unifas@2x.png" alt="UNIFAS" /&gt;&lt;/h1&gt;
			&lt;p&gt;UNIFAS Managed Server&lt;br&gt;Wireless Network Management System&lt;/p&gt;
		&lt;/div&gt;
	&lt;/div&gt;
&lt;!-- 未認証 --&gt;
	&lt;div class="container ui-login-contents"&gt;
		&lt;div class="row"&gt;
			&lt;div class="ui-login-form col-lg-4 offset-lg-4"&gt;
				&lt;p id="error-message" class="alert alert-danger ui-alert-error" style="display:none;"&gt;&lt;/p&gt;
				&lt;form&gt;
					&lt;div class="input-group form-group"&gt;
						&lt;div class="input-group-prepend"&gt;
							&lt;span class="input-group-text ui-login-input-icon"&gt;
								&lt;i class="fa fa-globe fa-fw" aria-hidden="true"&gt;&lt;/i&gt;
							&lt;/span&gt;
						&lt;/div&gt;
						&lt;input name="SITE" type="text" class="form-control ui-login-input" placeholder="Site"  maxlength="64" style="ime-mode: disabled;"&gt;
					&lt;/div&gt;
					&lt;div class="input-group form-group"&gt;
						&lt;div class="input-group-prepend"&gt;
							&lt;span class="input-group-text ui-login-input-icon"&gt;&lt;i class="fa fa-id-card fa-fw" aria-hidden="true"&gt;&lt;/i&gt;&lt;/span&gt;
						&lt;/div&gt;
						&lt;input name="LID" type="text" class="form-control ui-login-input" placeholder="Login ID"  maxlength="64" style="ime-mode: disabled;"&gt;
					&lt;/div&gt;
					&lt;div class="form-group text-right"&gt;
						&lt;div class="input-group"&gt;
							&lt;div class="input-group-prepend"&gt;
								&lt;span class="input-group-text ui-login-input-icon"&gt;&lt;i class="fa fa-lock fa-fw" aria-hidden="true"&gt;&lt;/i&gt;&lt;/span&gt;
							&lt;/div&gt;
							&lt;input id="password-input" name="LPWD" type="password" class="form-control ui-login-input" placeholder="Password" maxlength="40"&gt;
						&lt;/div&gt;
						&lt;button type="button" class="btn btn-xs ui-btn-primary ui-show-password" data-password-id="password-input"&gt;パスワードを表示&lt;/button&gt;
					&lt;/div&gt;
					&lt;button id="login-button" type="button" class="btn ui-btn-primary ui-login-btn"&gt;ログイン&lt;/button&gt;
				&lt;/form&gt;
			&lt;/div&gt;
		&lt;/div&gt;&lt;!-- /.row --&gt;
	&lt;/div&gt;&lt;!-- /.container --&gt;
&lt;/body&gt;
&lt;/html&gt;
</msg>
<arg>Login Page Status: ${resp1.text}</arg>
<doc>Logs the given message with the given level.</doc>
<status status="PASS" start="2026-04-01T11:50:51.851741" elapsed="0.001612"/>
</kw>
<kw name="Create Dictionary" owner="BuiltIn">
<msg time="2026-04-01T11:50:51.854245" level="INFO">${headers} = {'Content-Type': 'application/x-www-form-urlencoded', 'Referer': 'https://uf17-fdev.unifas.jp/UNIFAS/MS/admin/login.php', 'Origin': 'https://uf17-fdev.unifas.jp/UNIFAS/MS/', 'User-Agent': 'Mozilla/5.0...</msg>
<var>${headers}</var>
<arg>Content-Type=application/x-www-form-urlencoded</arg>
<arg>Referer=${BASE_URL}${LOGIN_PAGE}</arg>
<arg>Origin=${BASE_URL}</arg>
<arg>User-Agent=Mozilla/5.0</arg>
<doc>Creates and returns a dictionary based on the given ``items``.</doc>
<status status="PASS" start="2026-04-01T11:50:51.853567" elapsed="0.000772"/>
</kw>
<kw name="Set Variable" owner="BuiltIn">
<msg time="2026-04-01T11:50:51.854958" level="INFO">${payload} = SITE=vvdn.mysite&amp;LID=vvdn&amp;LPWD=vvdn</msg>
<var>${payload}</var>
<arg>${token_payload}</arg>
<doc>Returns the given values which can then be assigned to a variables.</doc>
<status status="PASS" start="2026-04-01T11:50:51.854519" elapsed="0.000527"/>
</kw>
<kw name="POST On Session" owner="RequestsLibrary">
<msg time="2026-04-01T11:50:52.260384" level="INFO">POST Request : url=https://uf17-fdev.unifas.jp/UNIFAS/MS/webapi/v1/admin/authenticate.php 
 path_url=/UNIFAS/MS/webapi/v1/admin/authenticate.php 
 headers={'User-Agent': 'Mozilla/5.0', 'Accept-Encoding': 'gzip, deflate, br', 'Accept': '*/*', 'Connection': 'keep-alive', 'Content-Type': 'application/x-www-form-urlencoded', 'Referer': 'https://uf17-fdev.unifas.jp/UNIFAS/MS/admin/login.php', 'Origin': 'https://uf17-fdev.unifas.jp/UNIFAS/MS/', 'Cookie': '5a3a5d9c-6b53-4946-a503-cbf3cb236345=8f179d2b9fea27cc5ed3c03e0c22f8ccdcb25e4e', 'Content-Length': '35'} 
 body=SITE=vvdn.mysite&amp;LID=vvdn&amp;LPWD=vvdn 
 </msg>
<msg time="2026-04-01T11:50:52.260633" level="INFO">POST Response : url=https://uf17-fdev.unifas.jp/UNIFAS/MS/webapi/v1/admin/authenticate.php 
 status=200, reason=OK 
 headers={'Server': 'openresty', 'Date': 'Wed, 01 Apr 2026 06:20:52 GMT', 'Content-Type': 'application/json; charset=UTF-8', 'Content-Length': '108', 'Connection': 'keep-alive', 'Cache-Control': 'no-store, no-cache, must-revalidate,private, no-store, no-cache, must-revalidate', 'Pragma': 'no-cache,no-cache', 'Expires': 'Thu, 19 Nov 1981 08:52:00 GMT,0', 'Set-Cookie': '5a3a5d9c-6b53-4946-a503-cbf3cb236345=61e402063f130e9910c15f5816e68fc39cbf3aa2; path=/UNIFAS/MS; secure; HttpOnly; SameSite=None', 'X-Content-Type-Options': 'nosniff', 'X-Frame-Options': 'DENY', 'X-XSS-Protection': '1; mode=block', 'Strict-Transport-Security': 'max-age=31536000, max-age=31536000; includeSubDomains', 'Content-Security-Policy': "default-src 'self'; frame-ancestors 'none';"} 
 body={"success":true,"message":"ok","redirect":"https:\/\/uf17-fdev.unifas.jp\/UNIFAS\/MS\/admin\/dashboard.php"} 
 </msg>
<msg time="2026-04-01T11:50:52.260734" level="INFO">/usr/lib/python3/dist-packages/urllib3/connectionpool.py:1100: InsecureRequestWarning: Unverified HTTPS request is being made to host 'uf17-fdev.unifas.jp'. Adding certificate verification is strongly advised. See: https://urllib3.readthedocs.io/en/latest/advanced-usage.html#tls-warnings
  warnings.warn(</msg>
<msg time="2026-04-01T11:50:52.260982" level="INFO">${response} = &lt;Response [200]&gt;</msg>
<var>${response}</var>
<arg>mysession</arg>
<arg>${LOGIN_API}</arg>
<arg>data=${payload}</arg>
<arg>headers=${headers}</arg>
<doc>Sends a POST request on a previously created HTTP Session.</doc>
<status status="PASS" start="2026-04-01T11:50:51.855203" elapsed="0.405872"/>
</kw>
<kw name="Log To Console" owner="BuiltIn">
<arg>---------------- LOGIN RESPONSE ----------------</arg>
<doc>Logs the given message to the console.</doc>
<status status="PASS" start="2026-04-01T11:50:52.261249" elapsed="0.000346"/>
</kw>
<kw name="Log" owner="BuiltIn">
<msg time="2026-04-01T11:50:52.262212" level="INFO">Status: 200</msg>
<arg>Status: ${response.status_code}</arg>
<doc>Logs the given message with the given level.</doc>
<status status="PASS" start="2026-04-01T11:50:52.261725" elapsed="0.000565"/>
</kw>
<kw name="Log" owner="BuiltIn">
<msg time="2026-04-01T11:50:52.262876" level="INFO">Headers: {"success":true,"message":"ok","redirect":"https:\/\/uf17-fdev.unifas.jp\/UNIFAS\/MS\/admin\/dashboard.php"}</msg>
<arg>Headers: ${response.text}</arg>
<doc>Logs the given message with the given level.</doc>
<status status="PASS" start="2026-04-01T11:50:52.262398" elapsed="0.000564"/>
</kw>
<kw name="Log" owner="BuiltIn">
<msg time="2026-04-01T11:50:52.263534" level="INFO">{'Server': 'openresty', 'Date': 'Wed, 01 Apr 2026 06:20:52 GMT', 'Content-Type': 'application/json; charset=UTF-8', 'Content-Length': '108', 'Connection': 'keep-alive', 'Cache-Control': 'no-store, no-cache, must-revalidate,private, no-store, no-cache, must-revalidate', 'Pragma': 'no-cache,no-cache', 'Expires': 'Thu, 19 Nov 1981 08:52:00 GMT,0', 'Set-Cookie': '5a3a5d9c-6b53-4946-a503-cbf3cb236345=61e402063f130e9910c15f5816e68fc39cbf3aa2; path=/UNIFAS/MS; secure; HttpOnly; SameSite=None', 'X-Content-Type-Options': 'nosniff', 'X-Frame-Options': 'DENY', 'X-XSS-Protection': '1; mode=block', 'Strict-Transport-Security': 'max-age=31536000, max-age=31536000; includeSubDomains', 'Content-Security-Policy': "default-src 'self'; frame-ancestors 'none';"}</msg>
<arg>${response.headers}</arg>
<doc>Logs the given message with the given level.</doc>
<status status="PASS" start="2026-04-01T11:50:52.263082" elapsed="0.000611"/>
</kw>
<kw name="Log" owner="BuiltIn">
<msg time="2026-04-01T11:50:52.264451" level="INFO">&lt;RequestsCookieJar[&lt;Cookie 5a3a5d9c-6b53-4946-a503-cbf3cb236345=61e402063f130e9910c15f5816e68fc39cbf3aa2 for uf17-fdev.unifas.jp/UNIFAS/MS&gt;]&gt;</msg>
<arg>${response.cookies}</arg>
<doc>Logs the given message with the given level.</doc>
<status status="PASS" start="2026-04-01T11:50:52.263830" elapsed="0.000704"/>
</kw>
<kw name="GET On Session" owner="RequestsLibrary">
<msg time="2026-04-01T11:50:53.071409" level="INFO">GET Request : url=https://uf17-fdev.unifas.jp/UNIFAS/MS/admin/accessPointList.php 
 path_url=/UNIFAS/MS/admin/accessPointList.php 
 headers={'User-Agent': 'python-requests/2.31.0', 'Accept-Encoding': 'gzip, deflate, br', 'Accept': '*/*', 'Connection': 'keep-alive', 'Cookie': '5a3a5d9c-6b53-4946-a503-cbf3cb236345=61e402063f130e9910c15f5816e68fc39cbf3aa2'} 
 body=None 
 </msg>
<msg time="2026-04-01T11:50:53.071742" level="INFO">GET Response : url=https://uf17-fdev.unifas.jp/UNIFAS/MS/admin/accessPointList.php 
 status=200, reason=OK 
 headers={'Server': 'openresty', 'Date': 'Wed, 01 Apr 2026 06:20:52 GMT', 'Content-Type': 'text/html; charset=UTF-8', 'Content-Length': '49488', 'Connection': 'keep-alive', 'Cache-Control': 'no-store, no-cache, must-revalidate', 'Pragma': 'no-cache', 'Expires': 'Thu, 19 Nov 1981 08:52:00 GMT', 'X-Content-Type-Options': 'nosniff', 'X-FRAME-Options': 'DENY', 'X-XSS-PROTECTION': '1; mode=block', 'Strict-Transport-Security': 'max-age=31536000, max-age=31536000; includeSubDomains', 'Content-Security-Policy': "default-src 'self'; script-src 'self' 'unsafe-inline'; worker-src blob:; style-src 'self' 'unsafe-inline'; img-src 'self' data:; frame-ancestors 'none';", 'Set-Cookie': '5a3a5d9c-6b53-4946-a503-cbf3cb236345=61e402063f130e9910c15f5816e68fc39cbf3aa2; path=/UNIFAS/MS; secure; HttpOnly; SameSite=None'} 
 body=&lt;!DOCTYPE html&gt;
&lt;html lang="ja"&gt;
&lt;head&gt;
&lt;meta charset="utf-8"&gt;
&lt;meta http-equiv="X-UA-Compatible" content="IE=edge"&gt;
&lt;meta name="viewport" content="width=device-width, initial-scale=1"&gt;
&lt;title&gt;UNIFAS | アクセスポイント設定&lt;/title&gt;
&lt;link rel="stylesheet" href="https://uf17-fdev.unifas.jp/UNIFAS/MS/ui/css/import.css"&gt;
&lt;script id="rpm" value="1"&gt;&lt;/script&gt;
&lt;script src="https://uf17-fdev.unifas.jp/UNIFAS/MS/ui/js/import.js"&gt;&lt;/script&gt;
&lt;script&gt;
// public functions
  /*-----------------------------------------------------*//**
   *  @brief  指定したAPI_URLへGETリクエストを行う
   *
   *  @param  [in]    url        : URL
   *
   *  @retval json               : リダイレクト先のURLが存在しない場合、
   *                               レスポンスをJSONで返す
   *
   *//*--------------------------------------------------------
   */
function uiGet(url) {
	return $.get('https://uf17-fdev.unifas.jp/UNIFAS/MS/webapi/v1/' + url)
		.then(function (json) {
			if (json.redirect) {
				document.location = json.redirect;
			} else {
				return json;
			}
		});
}
  /*-----------------------------------------------------*//**
   *  @brief  指定したAPI_URLへPOSTリクエストを行う
   *
   *  @param  [in]    url         : URL
   *  @param  [in]    data        : 送信するデータ
   *
   *  @retval json                : リダイレクト先のURLが存在しない場合、
   *                                レスポンスをJSONで返す
   *
   *//*--------------------------------------------------------
   */
function uiPost(url, data) {
	return $.post('https://uf17-fdev.unifas.jp/UNIFAS/MS/webapi/v1/' + url, data)
		.then(function (json) {
			if (json.redirect) {
				document.location = json.redirect;
			} else {
				return json;
			}
		});
}
  /*-----------------------------------------------------*//**
   *  @brief  指定したAPI_URLへPUTリクエストを行う
   *
   *  @param  [in]    url        : URL
   *  @param  [in]    data       : 送信するデータ
   *
   *  @retval json               : リダイレクト先のURLが存在しない場合、
   *                               レスポンスをJSONで返す
   *
   *//*--------------------------------------------------------
   */
function uiPut(url, data) {
	return $.ajax({
		url: 'https://uf17-fdev.unifas.jp/UNIFAS/MS/webapi/v1/' + url,
		type: 'POST',
		data: data,
		headers: {
			'X-HTTP-Method-Override': 'PUT'
		}
	}).then(function (json) {
		if (json.redirect) {
			document.location = json.redirect;
		} else {
			return json;
		}
	});
}
  /*-----------------------------------------------------*//**
   *  @brief  指定したAPI_URLへPATCHリクエストを行う
   *
   *  @param  [in]    url        : URL
   *  @param  [in]    data       : 送信するデータ
   *
   *  @retval json               : リダイレクト先のURLが存在しない場合、
   *                               レスポンスをJSONで返す
   *
   *//*--------------------------------------------------------
   */
function uiPatch(url, data) {
	return $.ajax({
		url: 'https://uf17-fdev.unifas.jp/UNIFAS/MS/webapi/v1/' + url,
		type: 'POST',
		data: data,
		headers: {
			'X-HTTP-Method-Override': 'PATCH'
		}
	}).then(function (json) {
		if (json.redirect) {
			document.location = json.redirect;
		} else {
			return json;
		}
	});
}
  /*-----------------------------------------------------*//**
   *  @brief  指定したAPI_URLへDELETEリクエストを行う
   *
   *  @param  [in]    url        : URL
   *  @param  [in]    data       : 送信するデータ
   *
   *  @retval json               : リダイレクト先のURLが存在しない場合、
   *                               レスポンスをJSONで返す
   *
   *//*--------------------------------------------------------
   */
function uiDelete(url, data) {
	return $.ajax({
		url: 'https://uf17-fdev.unifas.jp/UNIFAS/MS/webapi/v1/' + url,
		type: 'POST',
		data: data,
		headers: {
			'X-HTTP-Method-Override': 'DELETE'
		},
		timeout: 0
	}).then(function (json) {
		if (json.redirect) {
			document.location = json.redirect;
		} else {
			return json;
		}
	});
}
&lt;/script&gt;
&lt;/head&gt;

&lt;body class="ui-skip-enter"&gt;
&lt;!-- UI-Header --&gt;
&lt;nav id="ui-header" class="navbar navbar-light navbar-expand-md fixed-top p-0" style="background-color:#354b6b;"&gt;
	&lt;a id="ui-header-logo"
		class="navbar-brand"
		href="https://uf17-fdev.unifas.jp/UNIFAS/MS/admin/dashboard.php"
		style="background-image: url('https://uf17-fdev.unifas.jp/UNIFAS/MS/images/logo_unifas_bg@2x.png');"&gt;
		&lt;img src="https://uf17-fdev.unifas.jp/UNIFAS/MS/images/logo_unifas@2x.png" alt="" style="height:25px" /&gt;
	&lt;/a&gt;
	&lt;!-- スマホメニューボタン --&gt;
	&lt;button id="ui-header-button-xs" type="button" 
	class="navbar-toggler mr-3" 
	data-toggle="collapse" 
	data-target="#ui-sidebar" 
	aria-controls="sidebar" 
	aria-expanded="false" 
	aria-label="ナビゲーションの切替"&gt;
		&lt;span class="navbar-toggler-icon m-1"&gt;&lt;/span&gt;
	&lt;/button&gt;

	&lt;!-- UI-Header-Menu --&gt;
	&lt;div id="ui-header-menu" class="navbar-collapse collapse d-md-none"&gt;
		&lt;ul class="navbar-nav ml-auto float-right p-3 ui-help"&gt;
			&lt;li class="nav-item"&gt;&lt;a href="https://uf17-fdev.unifas.jp/UNIFAS/MS/help/UNIFAS_Managed_Server_Admin.pdf" target="_blank" class="nav-link"&gt;&lt;i class="fa fa-question-circle" aria-hidden="true"&gt;&lt;/i&gt;ヘルプ&lt;/a&gt;&lt;/li&gt;
		&lt;/ul&gt;
	&lt;/div&gt;
		&lt;!-- /UI-Header-Menu --&gt;
&lt;/nav&gt;
&lt;!-- /UI-Header --&gt;

&lt;!-- UI-Container --&gt;
&lt;div id="ui-container" class="container-fluid"&gt;
	&lt;div class="row ui-layout-flex"&gt;

				&lt;div id="ui-sidebar" class="fixedsticky"&gt;
					&lt;div class="ui-nav-account ui-nav-account-fixed-top"&gt;
						&lt;a class="ui-account-name ui-dropdown" href="#"&gt;
							&lt;i class="fa fa-share-alt-square" aria-hidden="true"&gt;&lt;/i&gt;
							vvdn.mysite
						&lt;/a&gt;
						&lt;ul class="ui-account-menu"&gt;
							&lt;li&gt;&lt;a href="https://uf17-fdev.unifas.jp/UNIFAS/MS/admin/myAccountEdit.php"&gt;マイアカウントの変更&lt;/a&gt;&lt;/li&gt;
											&lt;li&gt;&lt;a href="#" onclick="uiGet('admin/reset-subsite.php')"&gt;トップサイトに戻る&lt;/a&gt;&lt;/li&gt;
											&lt;li&gt;&lt;a href="#" onclick="uiGet('admin/reset-subsite.php')"&gt;サブサイト一覧&lt;/a&gt;&lt;/li&gt;
							&lt;li class="ui-nav-separator"&gt;&lt;/li&gt;
							&lt;li&gt;
								&lt;a href="#" onclick="uiGet('admin/authenticate.php?logout')"&gt;
									ログアウト
									&lt;i class="fa fa-sign-out float-right" aria-hidden="true"&gt;&lt;/i&gt;
								&lt;/a&gt;
							&lt;/li&gt;
						&lt;/ul&gt;
					&lt;/div&gt;
									&lt;h3 class="ui-nav-title"&gt;トップサイト管理&lt;/h3&gt;
				&lt;!-- UI-Nav-Menu --&gt;
				&lt;ul class="ui-nav-menu"&gt;
					&lt;li class="ui-menu-item"&gt;
						&lt;a class="" href="#" onclick="uiGet('admin/reset-subsite.php')"&gt;
							&lt;i class="fa fa-arrow-up fa-fw" aria-hidden="true"&gt;&lt;/i&gt;トップサイトに戻る
						&lt;/a&gt;
					&lt;/li&gt;
				&lt;/ul&gt;
&lt;h3 class="ui-nav-title"&gt;サブサイト管理&lt;/h3&gt;&lt;ul class="ui-nav-menu"&gt;

							&lt;li id='menu-2' class='ui-menu-item '&gt;
								&lt;a href='https://uf17-fdev.unifas.jp/UNIFAS/MS/admin/dashboard.php' class=' '&gt;
									&lt;i class="fa fa-tachometer-alt fa-fw" aria-hidden="true"&gt;&lt;/i&gt;
									 ダッシュボード 
								&lt;/a&gt;&lt;/li&gt;

							&lt;li id='menu-3' class='ui-menu-item '&gt;
								&lt;a href='https://uf17-fdev.unifas.jp/UNIFAS/MS/admin/#' class='ui-has-submenu ui-multiple-lines'&gt;
									&lt;i class="fa fa-wifi fa-fw" aria-hidden="true"&gt;&lt;/i&gt;
									 セキュリティグループ管理 
								&lt;/a&gt;					&lt;div class="ui-nav-submenu"&gt;
						&lt;h4 class="ui-submenu-title"&gt;セキュリティグループ管理&lt;/h4&gt;
						&lt;p class="ui-submenu-note"&gt;
							ESSID関連の設定を行います。
						&lt;/p&gt;
						&lt;ul&gt;

							&lt;li id='menu-4' class='ui-menu-item '&gt;
								&lt;a href='https://uf17-fdev.unifas.jp/UNIFAS/MS/admin/securityGroupList.php' class=' '&gt;
									
									 セキュリティグループ設定 
								&lt;/a&gt;&lt;/li&gt;

							&lt;li id='menu-5' class='ui-menu-item '&gt;
								&lt;a href='https://uf17-fdev.unifas.jp/UNIFAS/MS/admin/macGroupList.php' class=' '&gt;
									
									 MACフィルタリング設定 
								&lt;/a&gt;&lt;/li&gt;

							&lt;li id='menu-6' class='ui-menu-item '&gt;
								&lt;a href='https://uf17-fdev.unifas.jp/UNIFAS/MS/admin/disasterOperationSetting.php' class=' '&gt;
									
									 00000JAPAN設定 
								&lt;/a&gt;&lt;/li&gt;
&lt;/ul&gt;&lt;/div&gt;
&lt;/li&gt;

							&lt;li id='menu-7' class='ui-menu-item current'&gt;
								&lt;a href='https://uf17-fdev.unifas.jp/UNIFAS/MS/admin/#' class='ui-has-submenu '&gt;
									&lt;i class="fa fa-broadcast-tower fa-fw" aria-hidden="true"&gt;&lt;/i&gt;
									 アクセスポイント管理 
								&lt;/a&gt;					&lt;div class="ui-nav-submenu"&gt;
						&lt;h4 class="ui-submenu-title"&gt;アクセスポイント管理&lt;/h4&gt;
						&lt;p class="ui-submenu-note"&gt;
							アクセスポイント関連の設定を行います。
						&lt;/p&gt;
						&lt;ul&gt;

							&lt;li id='menu-8' class='ui-menu-item '&gt;
								&lt;a href='https://uf17-fdev.unifas.jp/UNIFAS/MS/admin/accessPointList.php' class=' '&gt;
									
									 アクセスポイント設定 
								&lt;/a&gt;&lt;/li&gt;

							&lt;li id='menu-9' class='ui-menu-item '&gt;
								&lt;a href='https://uf17-fdev.unifas.jp/UNIFAS/MS/admin/apParallelSettings.php' class=' '&gt;
									
									 チャネル一括設定 
								&lt;/a&gt;&lt;/li&gt;

							&lt;li id='menu-10' class='ui-menu-item '&gt;
								&lt;a href='https://uf17-fdev.unifas.jp/UNIFAS/MS/admin/accessPointMapList.php' class=' '&gt;
									
									 マップ設定 
								&lt;/a&gt;&lt;/li&gt;

							&lt;li id='menu-11' class='ui-menu-item '&gt;
								&lt;a href='https://uf17-fdev.unifas.jp/UNIFAS/MS/admin/snmpAgentList.php' class=' '&gt;
									
									 SNMPエージェント設定 
								&lt;/a&gt;&lt;/li&gt;

							&lt;li id='menu-12' class='ui-menu-item '&gt;
								&lt;a href='https://uf17-fdev.unifas.jp/UNIFAS/MS/admin/unregisteredAccessPointDetectionList.php' class=' '&gt;
									
									 常時未登録AP検出設定 
								&lt;/a&gt;&lt;/li&gt;

							&lt;li id='menu-13' class='ui-menu-item '&gt;
								&lt;div style='padding-bottom: 12px; cursor:default;'&gt;
									
									 ワイヤレスディスプレイ 
								&lt;/div&gt;&lt;ul class="ui-third-menu"&gt;

							&lt;li id='menu-14' class='ui-menu-item '&gt;
								&lt;a href='https://uf17-fdev.unifas.jp/UNIFAS/MS/admin/wirelessDisplayCommonSetting.php' class=' '&gt;
									
									 共通設定 
								&lt;/a&gt;&lt;/li&gt;

							&lt;li id='menu-15' class='ui-menu-item '&gt;
								&lt;a href='https://uf17-fdev.unifas.jp/UNIFAS/MS/admin/wirelessDisplayp2pAddressList.php' class=' '&gt;
									
									 P2Pアドレス設定 
								&lt;/a&gt;&lt;/li&gt;

							&lt;li id='menu-16' class='ui-menu-item '&gt;
								&lt;a href='https://uf17-fdev.unifas.jp/UNIFAS/MS/admin/wirelessDisplayp2pAddressDetectionList.php' class=' '&gt;
									
									 P2Pアドレス情報検出 
								&lt;/a&gt;&lt;/li&gt;... (set the log level to DEBUG or TRACE to see the full content) 
 </msg>
<msg time="2026-04-01T11:50:53.072257" level="INFO">/usr/lib/python3/dist-packages/urllib3/connectionpool.py:1100: InsecureRequestWarning: Unverified HTTPS request is being made to host 'uf17-fdev.unifas.jp'. Adding certificate verification is strongly advised. See: https://urllib3.readthedocs.io/en/latest/advanced-usage.html#tls-warnings
  warnings.warn(</msg>
<msg time="2026-04-01T11:50:53.072579" level="INFO">${resp2} = &lt;Response [200]&gt;</msg>
<var>${resp2}</var>
<arg>mysession</arg>
<arg>admin/accessPointList.php</arg>
<doc>Sends a GET request on a previously created HTTP Session.</doc>
<status status="PASS" start="2026-04-01T11:50:52.264635" elapsed="0.808049"/>
</kw>
<kw name="Log" owner="BuiltIn">
<msg time="2026-04-01T11:50:53.073646" level="INFO">accessPointList status: 200</msg>
<arg>accessPointList status: ${resp2.status_code}</arg>
<doc>Logs the given message with the given level.</doc>
<status status="PASS" start="2026-04-01T11:50:53.072900" elapsed="0.000864"/>
</kw>
<kw name="Log" owner="BuiltIn">
<msg time="2026-04-01T11:50:53.074598" level="INFO">accessPointList url: https://uf17-fdev.unifas.jp/UNIFAS/MS/admin/accessPointList.php</msg>
<arg>accessPointList url: ${resp2.url}</arg>
<doc>Logs the given message with the given level.</doc>
<status status="PASS" start="2026-04-01T11:50:53.073935" elapsed="0.000767"/>
</kw>
<kw name="Should Not Contain" owner="BuiltIn">
<arg>${resp2.url}</arg>
<arg>login.php</arg>
<doc>Fails if ``container`` contains ``item`` one or more times.</doc>
<status status="PASS" start="2026-04-01T11:50:53.074825" elapsed="0.000638"/>
</kw>
<kw name="Log" owner="BuiltIn">
<msg time="2026-04-01T11:50:53.076029" level="INFO">&lt;RequestsCookieJar[&lt;Cookie 5a3a5d9c-6b53-4946-a503-cbf3cb236345=61e402063f130e9910c15f5816e68fc39cbf3aa2 for uf17-fdev.unifas.jp/UNIFAS/MS&gt;]&gt;</msg>
<arg>${resp2.cookies}</arg>
<doc>Logs the given message with the given level.</doc>
<status status="PASS" start="2026-04-01T11:50:53.075586" elapsed="0.000515"/>
</kw>
<kw name="Create Dictionary" owner="BuiltIn">
<msg time="2026-04-01T11:50:53.076468" level="INFO">${switch_payload} = {'siteid': '91'}</msg>
<var>${switch_payload}</var>
<arg>siteid=91</arg>
<doc>Creates and returns a dictionary based on the given ``items``.</doc>
<status status="PASS" start="2026-04-01T11:50:53.076205" elapsed="0.000315"/>
</kw>
<kw name="Create Dictionary" owner="BuiltIn">
<msg time="2026-04-01T11:50:53.076842" level="INFO">${headers_switch} = {'Content-Type': 'application/x-www-form-urlencoded'}</msg>
<var>${headers_switch}</var>
<arg>Content-Type=application/x-www-form-urlencoded</arg>
<doc>Creates and returns a dictionary based on the given ``items``.</doc>
<status status="PASS" start="2026-04-01T11:50:53.076612" elapsed="0.000279"/>
</kw>
<kw name="POST On Session" owner="RequestsLibrary">
<msg time="2026-04-01T11:50:53.491310" level="INFO">POST Request : url=https://uf17-fdev.unifas.jp/UNIFAS/MS/webapi/v1/admin/switch-subsites.php 
 path_url=/UNIFAS/MS/webapi/v1/admin/switch-subsites.php 
 headers={'User-Agent': 'python-requests/2.31.0', 'Accept-Encoding': 'gzip, deflate, br', 'Accept': '*/*', 'Connection': 'keep-alive', 'Content-Type': 'application/x-www-form-urlencoded', 'Cookie': '5a3a5d9c-6b53-4946-a503-cbf3cb236345=61e402063f130e9910c15f5816e68fc39cbf3aa2', 'Content-Length': '9'} 
 body=siteid=91 
 </msg>
<msg time="2026-04-01T11:50:53.491500" level="INFO">POST Response : url=https://uf17-fdev.unifas.jp/UNIFAS/MS/webapi/v1/admin/switch-subsites.php 
 status=200, reason=OK 
 headers={'Server': 'openresty', 'Date': 'Wed, 01 Apr 2026 06:20:53 GMT', 'Content-Type': 'application/json; charset=UTF-8', 'Content-Length': '78', 'Connection': 'keep-alive', 'Cache-Control': 'no-store, no-cache, must-revalidate,private, no-store, no-cache, must-revalidate', 'Pragma': 'no-cache,no-cache', 'Expires': 'Thu, 19 Nov 1981 08:52:00 GMT,0', 'Set-Cookie': '5a3a5d9c-6b53-4946-a503-cbf3cb236345=61e402063f130e9910c15f5816e68fc39cbf3aa2; path=/UNIFAS/MS; secure; HttpOnly; SameSite=None', 'X-Content-Type-Options': 'nosniff', 'X-Frame-Options': 'DENY', 'X-XSS-Protection': '1; mode=block', 'Strict-Transport-Security': 'max-age=31536000, max-age=31536000; includeSubDomains', 'Content-Security-Policy': "default-src 'self'; frame-ancestors 'none';"} 
 body={"redirect":"https:\/\/uf17-fdev.unifas.jp\/UNIFAS\/MS\/admin\/dashboard.php"} 
 </msg>
<msg time="2026-04-01T11:50:53.491616" level="INFO">/usr/lib/python3/dist-packages/urllib3/connectionpool.py:1100: InsecureRequestWarning: Unverified HTTPS request is being made to host 'uf17-fdev.unifas.jp'. Adding certificate verification is strongly advised. See: https://urllib3.readthedocs.io/en/latest/advanced-usage.html#tls-warnings
  warnings.warn(</msg>
<msg time="2026-04-01T11:50:53.491812" level="INFO">${resp_switch} = &lt;Response [200]&gt;</msg>
<var>${resp_switch}</var>
<arg>mysession</arg>
<arg>webapi/v1/admin/switch-subsites.php</arg>
<arg>data=${switch_payload}</arg>
<arg>headers=${headers_switch}</arg>
<doc>Sends a POST request on a previously created HTTP Session.</doc>
<status status="PASS" start="2026-04-01T11:50:53.076977" elapsed="0.414913"/>
</kw>
<kw name="Log" owner="BuiltIn">
<msg time="2026-04-01T11:50:53.492676" level="INFO">Switch Subsite Status: 200</msg>
<arg>Switch Subsite Status: ${resp_switch.status_code}</arg>
<doc>Logs the given message with the given level.</doc>
<status status="PASS" start="2026-04-01T11:50:53.492074" elapsed="0.000699"/>
</kw>
<kw name="Log" owner="BuiltIn">
<msg time="2026-04-01T11:50:53.493390" level="INFO">Switch Subsite Response: {"redirect":"https:\/\/uf17-fdev.unifas.jp\/UNIFAS\/MS\/admin\/dashboard.php"}</msg>
<arg>Switch Subsite Response: ${resp_switch.text}</arg>
<doc>Logs the given message with the given level.</doc>
<status status="PASS" start="2026-04-01T11:50:53.492908" elapsed="0.000560"/>
</kw>
<kw name="GET On Session" owner="RequestsLibrary">
<msg time="2026-04-01T11:50:53.923285" level="INFO">GET Request : url=https://uf17-fdev.unifas.jp/UNIFAS/MS/webapi/v1/admin/accessPointEdit.php?context=getdata&amp;aid=1362&amp;SITE=vvdn.mysite 
 path_url=/UNIFAS/MS/webapi/v1/admin/accessPointEdit.php?context=getdata&amp;aid=1362&amp;SITE=vvdn.mysite 
 headers={'User-Agent': 'python-requests/2.31.0', 'Accept-Encoding': 'gzip, deflate, br', 'Accept': '*/*', 'Connection': 'keep-alive', 'Cookie': '5a3a5d9c-6b53-4946-a503-cbf3cb236345=61e402063f130e9910c15f5816e68fc39cbf3aa2'} 
 body=None 
 </msg>
<msg time="2026-04-01T11:50:53.923564" level="INFO">GET Response : url=https://uf17-fdev.unifas.jp/UNIFAS/MS/webapi/v1/admin/accessPointEdit.php?context=getdata&amp;aid=1362&amp;SITE=vvdn.mysite 
 status=200, reason=OK 
 headers={'Server': 'openresty', 'Date': 'Wed, 01 Apr 2026 06:20:53 GMT', 'Content-Type': 'application/json; charset=UTF-8', 'Content-Length': '5432', 'Connection': 'keep-alive', 'Cache-Control': 'no-store, no-cache, must-revalidate,private, no-store, no-cache, must-revalidate', 'Pragma': 'no-cache,no-cache', 'Expires': 'Thu, 19 Nov 1981 08:52:00 GMT,0', 'X-Content-Type-Options': 'nosniff', 'X-Frame-Options': 'DENY', 'X-XSS-Protection': '1; mode=block', 'Strict-Transport-Security': 'max-age=31536000, max-age=31536000; includeSubDomains', 'Content-Security-Policy': "default-src 'self'; frame-ancestors 'none';"} 
 body={"display":{"aid":"1362","mcode":"4650516","type_name":"ACERA1310","apname":"WN9875@Model-H_SPF_Upgrade_vvdn.mysite","serno":"7151-9875","check_code":"","memo":"","location":"屋内","lldp":"サイト設定","dhcp":"使用する","ipaddr":"","netmask":"","gateway":"","dns1":"","dns2":"","vlan":"VLANを使用しない","msurl":"https:\/\/uf17-fdev.unifas.jp\/UNIFAS\/MS\/","proxy":"","proxy_port":"","eth1_setting":"無効","portvlan":"VLANを使用しない","vlan_hybrid":"有効","station":"使用しない","band_steering":"無効","band_steering_5g_ratio":"80%","band_steering_5g_rssi":"-90dBm","link_check_priority":"セキュリティグループ設定優先","link_check_aplvl":"","link_check_aptime":"","wlan_setting_essid":"共通","wlan1_band":"802.11a","wlan1_11n_type":"11ac","wlan1_11n_mode":"80MHz","wlan1_sgi":"800ns","wlan1_11n_pkt_collect":"A-MPDU","wlan1_ch":"自動設定","wlan1_ch_dynamic":"無効","wlan1_power":"4","wlan1_power_interval":"","wlan1_airtime":"有効","wlan1_bcast_rate":"24Mbps","wlan1_mcast_rate":"24Mbps","wlan1_beamforming":"無効","wlan1_mu_mimo":"無効","wlan1_bss_color":"無効","wlan1_block":"無効","wlan1_block_channel_list[]":"","wlan2_band":"802.11g","wlan2_11n_type":"11ax","wlan2_11n_mode":"20MHz","wlan2_sgi":"800ns","wlan2_11n_pkt_collect":"A-MPDU","wlan2_ch":"1","wlan2_ch_dynamic":"無効","wlan2_power":"4","wlan2_power_interval":"","wlan2_airtime":"有効","wlan2_bcast_rate":"11Mbps","wlan2_mcast_rate":"11Mbps","wlan2_beamforming":"有効","wlan2_mu_mimo":"有効","wlan2_bss_color":"無効","wlan2_block":"無効","wlan2_block_channel_list[]":"","wlan3_band":"使用しない","wlan3_11n_type":"","wlan3_11n_mode":"","wlan3_sgi":"","wlan3_11n_pkt_collect":"","wlan3_ch":"","wlan3_ch_dynamic":"","wlan3_power":"","wlan3_power_interval":"","wlan3_airtime":"","wlan3_bcast_rate":"","wlan3_mcast_rate":"","wlan3_beamforming":"","wlan3_mu_mimo":"","wlan3_bss_color":"","ip_masquerade":"使用しない","ip_masquerade_ipaddr":"","ip_masquerade_netmask":"","ip_masquerade_clan_filter":"","dhcp_server":"使用しない","dhcp_server_dns1":"","dhcp_server_dns2":"","dhcp_server_poolip_start":"","dhcp_server_poolip_end":"","dhcp_server_iplease":"","offline_mode":"手動切替","offline_mode_chk_ip":"","uap_wlan":"無線LAN2","wdsp_dev_name":"","wdsp_enabled":"使用しない","wdsp_standby":"共通設定を使用","wdsp_keyfile_stat":"\u003Cspan class=\u0027badge badge-warning\u0027\u003E未アップロード\u003C\/span\u003E","wdsp_standby_offline":"共通設定を使用","keyfile_offline_stat":"\u003Cspan class=\u0027badge badge-warning\u0027\u003E未アップロード\u003C\/span\u003E","wdsp_webapi_password":"","wdsp_bboard":"無効","wdsp_p2paddr_filter":"使用しない","wdsp_p2pgroup":"","wdspvlan":"VLANを使用しない","wdsp_passcode_setting":"無効","wdsp_passcode":"","wdsp_http_proxy":"","wdsp_http_proxy_port":"","spec_memo":"","autocfg_flag":"無効","wlan1_grp":["\u003Ctr\u003E\u003Ctd\u003E- \u003C\/td\u003E \u003Ctd\u003E Model_I_11.5_FSC_5G\u003C\/td\u003E\u003Ctd\u003Eオンライン\u003C\/td\u003E\u003C\/tr\u003E"],"wlan2_grp":["\u003Ctr\u003E\u003Ctd\u003E- \u003C\/td\u003E \u003Ctd\u003E Model_I_11.5_FSC_2G\u003C\/td\u003E\u003Ctd\u003Eオンライン\u003C\/td\u003E\u003C\/tr\u003E"],"wlan3_grp":[]},"value":{"type_name":"ACERA1310","apname":"WN9875","serno":"7151-9875","ccode":"","memo":"","location":0,"lldp":2,"dhcp":1,"ipaddr":"","netmask":"","gateway":"","dns1":"","dns2":"","vlan":0,"vlan_id":"","msurl":"https:\/\/uf17-fdev.unifas.jp\/UNIFAS\/MS\/","proxy":"","proxy_port":"","eth1_setting":0,"portvlan":0,"portvlan_id":"","vlan_hybrid":1,"station":0,"band_steering":0,"band_steering_5g_ratio":80,"band_steering_5g_rssi":-90,"link_check_priority":0,"link_check_aplvl":1,"link_check_aptime":0,"wlan_setting_essid":2,"wlan1_band":3,"wlan1_11n_type":2,"wlan1_11n_mode":2,"wlan1_sgi":0,"wlan1_11n_pkt_collect":2,"wlan1_ch":0,"wlan1_ch_dynamic":0,"wlan1_power":4,"wlan1_power_interval":20,"wlan1_airtime":1,"wlan1_bcast_rate":"24","wlan1_mcast_rate":"24","wlan1_beamforming":0,"wlan1_mu_mimo":0,"wlan1_bss_color":0,"wlan1_block":0,"wlan1_block_channel_list[]":[],"wlan2_band":4,"wlan2_11n_type":3,"wlan2_11n_mode":0,"wlan2_sgi":0,"wlan2_11n_pkt_collect":2,"wlan2_ch":1,"wlan2_ch_dynamic":0,"wlan2_power":4,"wlan2_power_interval":20,"wlan2_airtime":1,"wlan2_bcast_rate":"11","wlan2_mcast_rate":"11","wlan2_beamforming":1,"wlan2_mu_mimo":1,"wlan2_bss_color":0,"wlan2_block":0,"wlan2_block_channel_list[]":[],"wlan3_band":0,"wlan3_11n_type":0,"wlan3_11n_mode":0,"wlan3_sgi":0,"wlan3_11n_pkt_collect":0,"wlan3_ch":0,"wlan3_ch_dynamic":0,"wlan3_power":4,"wlan3_power_interval":20,"wlan3_airtime":0,"wlan3_bcast_rate":"54","wlan3_mcast_rate":"54","wlan3_beamforming":0,"wlan3_mu_mimo":0,"wlan3_bss_color":0,"ip_masquerade":0,"ip_masquerade_ipaddr":"","ip_masquerade_netmask":"","ip_masquerade_clan_filter":0,"dhcp_server":0,"dhcp_server_dns1":"","dhcp_server_dns2":"","dhcp_server_poolip_start":"","dhcp_server_poolip_end":"","dhcp_server_iplease":"","offline_mode":0,"offline_mode_chk_ip":"","uap_wlan":1,"wdsp_dev_name":"","wdsp_enabled":0,"wdsp_standby":0,"wdsp_standby_offline":0,"wdsp_webapi_password":"","wdsp_bboard":0,"wdsp_p2paddr_filter":0,"wdsp_p2pgroup[]":[""],"wdspvlan":0,"wdspvlan_id":"","wdsp_passcode_setting":0,"wdsp_passcode":"","wdsp_http_proxy":"","wdsp_http_proxy_port":"","spec_memo":"","autocfg_flag":0}} 
 </msg>
<msg time="2026-04-01T11:50:53.923935" level="INFO">/usr/lib/python3/dist-packages/urllib3/connectionpool.py:1100: InsecureRequestWarning: Unverified HTTPS request is being made to host 'uf17-fdev.unifas.jp'. Adding certificate verification is strongly advised. See: https://urllib3.readthedocs.io/en/latest/advanced-usage.html#tls-warnings
  warnings.warn(</msg>
<msg time="2026-04-01T11:50:53.924183" level="INFO">${resp11} = &lt;Response [200]&gt;</msg>
<var>${resp11}</var>
<arg>mysession</arg>
<arg>/webapi/v1/admin/accessPointEdit.php</arg>
<arg>params=context=getdata&amp;aid=1362&amp;SITE=vvdn.mysite</arg>
<doc>Sends a GET request on a previously created HTTP Session.</doc>
<status status="PASS" start="2026-04-01T11:50:53.493566" elapsed="0.430696"/>
</kw>
<kw name="Log" owner="BuiltIn">
<msg time="2026-04-01T11:50:53.925428" level="INFO">{"display":{"aid":"1362","mcode":"4650516","type_name":"ACERA1310","apname":"WN9875@Model-H_SPF_Upgrade_vvdn.mysite","serno":"7151-9875","check_code":"","memo":"","location":"屋内","lldp":"サイト設定","dhcp":"使用する","ipaddr":"","netmask":"","gateway":"","dns1":"","dns2":"","vlan":"VLANを使用しない","msurl":"https:\/\/uf17-fdev.unifas.jp\/UNIFAS\/MS\/","proxy":"","proxy_port":"","eth1_setting":"無効","portvlan":"VLANを使用しない","vlan_hybrid":"有効","station":"使用しない","band_steering":"無効","band_steering_5g_ratio":"80%","band_steering_5g_rssi":"-90dBm","link_check_priority":"セキュリティグループ設定優先","link_check_aplvl":"","link_check_aptime":"","wlan_setting_essid":"共通","wlan1_band":"802.11a","wlan1_11n_type":"11ac","wlan1_11n_mode":"80MHz","wlan1_sgi":"800ns","wlan1_11n_pkt_collect":"A-MPDU","wlan1_ch":"自動設定","wlan1_ch_dynamic":"無効","wlan1_power":"4","wlan1_power_interval":"","wlan1_airtime":"有効","wlan1_bcast_rate":"24Mbps","wlan1_mcast_rate":"24Mbps","wlan1_beamforming":"無効","wlan1_mu_mimo":"無効","wlan1_bss_color":"無効","wlan1_block":"無効","wlan1_block_channel_list[]":"","wlan2_band":"802.11g","wlan2_11n_type":"11ax","wlan2_11n_mode":"20MHz","wlan2_sgi":"800ns","wlan2_11n_pkt_collect":"A-MPDU","wlan2_ch":"1","wlan2_ch_dynamic":"無効","wlan2_power":"4","wlan2_power_interval":"","wlan2_airtime":"有効","wlan2_bcast_rate":"11Mbps","wlan2_mcast_rate":"11Mbps","wlan2_beamforming":"有効","wlan2_mu_mimo":"有効","wlan2_bss_color":"無効","wlan2_block":"無効","wlan2_block_channel_list[]":"","wlan3_band":"使用しない","wlan3_11n_type":"","wlan3_11n_mode":"","wlan3_sgi":"","wlan3_11n_pkt_collect":"","wlan3_ch":"","wlan3_ch_dynamic":"","wlan3_power":"","wlan3_power_interval":"","wlan3_airtime":"","wlan3_bcast_rate":"","wlan3_mcast_rate":"","wlan3_beamforming":"","wlan3_mu_mimo":"","wlan3_bss_color":"","ip_masquerade":"使用しない","ip_masquerade_ipaddr":"","ip_masquerade_netmask":"","ip_masquerade_clan_filter":"","dhcp_server":"使用しない","dhcp_server_dns1":"","dhcp_server_dns2":"","dhcp_server_poolip_start":"","dhcp_server_poolip_end":"","dhcp_server_iplease":"","offline_mode":"手動切替","offline_mode_chk_ip":"","uap_wlan":"無線LAN2","wdsp_dev_name":"","wdsp_enabled":"使用しない","wdsp_standby":"共通設定を使用","wdsp_keyfile_stat":"\u003Cspan class=\u0027badge badge-warning\u0027\u003E未アップロード\u003C\/span\u003E","wdsp_standby_offline":"共通設定を使用","keyfile_offline_stat":"\u003Cspan class=\u0027badge badge-warning\u0027\u003E未アップロード\u003C\/span\u003E","wdsp_webapi_password":"","wdsp_bboard":"無効","wdsp_p2paddr_filter":"使用しない","wdsp_p2pgroup":"","wdspvlan":"VLANを使用しない","wdsp_passcode_setting":"無効","wdsp_passcode":"","wdsp_http_proxy":"","wdsp_http_proxy_port":"","spec_memo":"","autocfg_flag":"無効","wlan1_grp":["\u003Ctr\u003E\u003Ctd\u003E- \u003C\/td\u003E \u003Ctd\u003E Model_I_11.5_FSC_5G\u003C\/td\u003E\u003Ctd\u003Eオンライン\u003C\/td\u003E\u003C\/tr\u003E"],"wlan2_grp":["\u003Ctr\u003E\u003Ctd\u003E- \u003C\/td\u003E \u003Ctd\u003E Model_I_11.5_FSC_2G\u003C\/td\u003E\u003Ctd\u003Eオンライン\u003C\/td\u003E\u003C\/tr\u003E"],"wlan3_grp":[]},"value":{"type_name":"ACERA1310","apname":"WN9875","serno":"7151-9875","ccode":"","memo":"","location":0,"lldp":2,"dhcp":1,"ipaddr":"","netmask":"","gateway":"","dns1":"","dns2":"","vlan":0,"vlan_id":"","msurl":"https:\/\/uf17-fdev.unifas.jp\/UNIFAS\/MS\/","proxy":"","proxy_port":"","eth1_setting":0,"portvlan":0,"portvlan_id":"","vlan_hybrid":1,"station":0,"band_steering":0,"band_steering_5g_ratio":80,"band_steering_5g_rssi":-90,"link_check_priority":0,"link_check_aplvl":1,"link_check_aptime":0,"wlan_setting_essid":2,"wlan1_band":3,"wlan1_11n_type":2,"wlan1_11n_mode":2,"wlan1_sgi":0,"wlan1_11n_pkt_collect":2,"wlan1_ch":0,"wlan1_ch_dynamic":0,"wlan1_power":4,"wlan1_power_interval":20,"wlan1_airtime":1,"wlan1_bcast_rate":"24","wlan1_mcast_rate":"24","wlan1_beamforming":0,"wlan1_mu_mimo":0,"wlan1_bss_color":0,"wlan1_block":0,"wlan1_block_channel_list[]":[],"wlan2_band":4,"wlan2_11n_type":3,"wlan2_11n_mode":0,"wlan2_sgi":0,"wlan2_11n_pkt_collect":2,"wlan2_ch":1,"wlan2_ch_dynamic":0,"wlan2_power":4,"wlan2_power_interval":20,"wlan2_airtime":1,"wlan2_bcast_rate":"11","wlan2_mcast_rate":"11","wlan2_beamforming":1,"wlan2_mu_mimo":1,"wlan2_bss_color":0,"wlan2_block":0,"wlan2_block_channel_list[]":[],"wlan3_band":0,"wlan3_11n_type":0,"wlan3_11n_mode":0,"wlan3_sgi":0,"wlan3_11n_pkt_collect":0,"wlan3_ch":0,"wlan3_ch_dynamic":0,"wlan3_power":4,"wlan3_power_interval":20,"wlan3_airtime":0,"wlan3_bcast_rate":"54","wlan3_mcast_rate":"54","wlan3_beamforming":0,"wlan3_mu_mimo":0,"wlan3_bss_color":0,"ip_masquerade":0,"ip_masquerade_ipaddr":"","ip_masquerade_netmask":"","ip_masquerade_clan_filter":0,"dhcp_server":0,"dhcp_server_dns1":"","dhcp_server_dns2":"","dhcp_server_poolip_start":"","dhcp_server_poolip_end":"","dhcp_server_iplease":"","offline_mode":0,"offline_mode_chk_ip":"","uap_wlan":1,"wdsp_dev_name":"","wdsp_enabled":0,"wdsp_standby":0,"wdsp_standby_offline":0,"wdsp_webapi_password":"","wdsp_bboard":0,"wdsp_p2paddr_filter":0,"wdsp_p2pgroup[]":[""],"wdspvlan":0,"wdspvlan_id":"","wdsp_passcode_setting":0,"wdsp_passcode":"","wdsp_http_proxy":"","wdsp_http_proxy_port":"","spec_memo":"","autocfg_flag":0}}</msg>
<arg>${resp11.text}</arg>
<doc>Logs the given message with the given level.</doc>
<status status="PASS" start="2026-04-01T11:50:53.924504" elapsed="0.001239"/>
</kw>
<kw name="Log" owner="BuiltIn">
<msg time="2026-04-01T11:50:53.926695" level="INFO">{'Server': 'openresty', 'Date': 'Wed, 01 Apr 2026 06:20:53 GMT', 'Content-Type': 'application/json; charset=UTF-8', 'Content-Length': '5432', 'Connection': 'keep-alive', 'Cache-Control': 'no-store, no-cache, must-revalidate,private, no-store, no-cache, must-revalidate', 'Pragma': 'no-cache,no-cache', 'Expires': 'Thu, 19 Nov 1981 08:52:00 GMT,0', 'X-Content-Type-Options': 'nosniff', 'X-Frame-Options': 'DENY', 'X-XSS-Protection': '1; mode=block', 'Strict-Transport-Security': 'max-age=31536000, max-age=31536000; includeSubDomains', 'Content-Security-Policy': "default-src 'self'; frame-ancestors 'none';"}</msg>
<arg>${resp11.headers}</arg>
<doc>Logs the given message with the given level.</doc>
<status status="PASS" start="2026-04-01T11:50:53.925974" elapsed="0.000813"/>
</kw>
<kw name="Log" owner="BuiltIn">
<msg time="2026-04-01T11:50:53.927400" level="INFO">&lt;RequestsCookieJar[]&gt;</msg>
<arg>${resp11.cookies}</arg>
<doc>Logs the given message with the given level.</doc>
<status status="PASS" start="2026-04-01T11:50:53.926909" elapsed="0.000576"/>
</kw>
<kw name="Set To Dictionary" owner="Collections">
<arg>${form_data}</arg>
<arg>wlan1_11n_mode=4</arg>
<doc>Adds the given ``key_value_pairs`` and/or ``items`` to the ``dictionary``.</doc>
<status status="PASS" start="2026-04-01T11:50:53.927585" elapsed="0.000365"/>
</kw>
<kw name="Create Dictionary" owner="BuiltIn">
<msg time="2026-04-01T11:50:53.928312" level="INFO">${headers} = {'Content-Type': 'application/x-www-form-urlencoded'}</msg>
<var>${headers}</var>
<arg>Content-Type=application/x-www-form-urlencoded</arg>
<doc>Creates and returns a dictionary based on the given ``items``.</doc>
<status status="PASS" start="2026-04-01T11:50:53.928060" elapsed="0.000304"/>
</kw>
<kw name="POST On Session" owner="RequestsLibrary">
<msg time="2026-04-01T11:50:54.202463" level="INFO">POST Request : url=https://uf17-fdev.unifas.jp/UNIFAS/MS/webapi/v1/admin/accessPointEdit.php?context=update 
 path_url=/UNIFAS/MS/webapi/v1/admin/accessPointEdit.php?context=update 
 headers={'User-Agent': 'python-requests/2.31.0', 'Accept-Encoding': 'gzip, deflate, br', 'Accept': '*/*', 'Connection': 'keep-alive', 'Content-Type': 'application/x-www-form-urlencoded', 'Cookie': '5a3a5d9c-6b53-4946-a503-cbf3cb236345=61e402063f130e9910c15f5816e68fc39cbf3aa2', 'Content-Length': '856'} 
 body=csrfToken=960202d737ee4fc343ec9fbb1526102b8c16ec95f0c29590&amp;aid=1362&amp;mcode=4650516&amp;type_name=ACERA1310&amp;apname=WN9875&amp;serno=7151-9875&amp;location=0&amp;lldp=2&amp;dhcp=1&amp;msurl=https%3A%2F%2Fuf17-fdev.unifas.jp%2FUNIFAS%2FMS%2F&amp;eth1_setting=0&amp;vlan_hybrid=1&amp;station=0&amp;link_check_priority=0&amp;wlan_setting_essid=2&amp;wlan1_band=3&amp;wlan1_11n_type=3&amp;wlan1_11n_mode=4&amp;wlan1_sgi=0&amp;wlan1_11n_pkt_collect=2&amp;wlan1_ch=0&amp;wlan1_power=4&amp;wlan1_airtime=1&amp;wlan1_bcast_rate=24&amp;wlan1_mcast_rate=24&amp;wlan1_bss_color=0&amp;wlan1_grp_sg_check_num=1&amp;wlan1_off_grp_sg_check_num=0&amp;wlan1_grp%5B%5D=2930&amp;wlan2_band=4&amp;wlan2_11n_type=3&amp;wlan2_11n_mode=0&amp;wlan2_sgi=0&amp;wlan2_11n_pkt_collect=2&amp;wlan2_ch=1&amp;wlan2_power=4&amp;wlan2_airtime=1&amp;wlan2_bcast_rate=11&amp;wlan2_mcast_rate=11&amp;wlan2_beamforming=1&amp;wlan2_mu_mimo=1&amp;wlan2_bss_color=0&amp;wlan2_grp_sg_check_num=1&amp;wlan2_off_grp_sg_check_num=0&amp;wlan2_grp%5B%5D=2931&amp;uap_wlan=1 
 </msg>
<msg time="2026-04-01T11:50:54.202699" level="INFO">POST Response : url=https://uf17-fdev.unifas.jp/UNIFAS/MS/webapi/v1/admin/accessPointEdit.php?context=update 
 status=200, reason=OK 
 headers={'Server': 'openresty', 'Date': 'Wed, 01 Apr 2026 06:20:54 GMT', 'Content-Type': 'application/json; charset=UTF-8', 'Content-Length': '97', 'Connection': 'keep-alive', 'Cache-Control': 'no-store, no-cache, must-revalidate,private, no-store, no-cache, must-revalidate', 'Pragma': 'no-cache,no-cache', 'Expires': 'Thu, 19 Nov 1981 08:52:00 GMT,0', 'X-Content-Type-Options': 'nosniff', 'X-Frame-Options': 'DENY', 'X-XSS-Protection': '1; mode=block', 'Strict-Transport-Security': 'max-age=31536000, max-age=31536000; includeSubDomains', 'Content-Security-Policy': "default-src 'self'; frame-ancestors 'none';"} 
 body={"success":false,"error":{"":"不正なアクセスが検出されました。"},"redirect":null} 
 </msg>
<msg time="2026-04-01T11:50:54.202805" level="INFO">/usr/lib/python3/dist-packages/urllib3/connectionpool.py:1100: InsecureRequestWarning: Unverified HTTPS request is being made to host 'uf17-fdev.unifas.jp'. Adding certificate verification is strongly advised. See: https://urllib3.readthedocs.io/en/latest/advanced-usage.html#tls-warnings
  warnings.warn(</msg>
<msg time="2026-04-01T11:50:54.203035" level="INFO">${response} = &lt;Response [200]&gt;</msg>
<var>${response}</var>
<arg>mysession</arg>
<arg>url=webapi/v1/admin/accessPointEdit.php</arg>
<arg>data=${form_data}</arg>
<arg>headers=${headers}</arg>
<arg>params=context=update</arg>
<doc>Sends a POST request on a previously created HTTP Session.</doc>
<status status="PASS" start="2026-04-01T11:50:53.928473" elapsed="0.274635"/>
</kw>
<kw name="Log" owner="BuiltIn">
<msg time="2026-04-01T11:50:54.203908" level="INFO">{"success":false,"error":{"":"不正なアクセスが検出されました。"},"redirect":null}</msg>
<arg>${response.text}</arg>
<doc>Logs the given message with the given level.</doc>
<status status="PASS" start="2026-04-01T11:50:54.203302" elapsed="0.000701"/>
</kw>
<status status="PASS" start="2026-04-01T11:50:50.245884" elapsed="3.958242"/>
</test>
<status status="PASS" start="2026-04-01T11:50:50.149604" elapsed="4.055166"/>
</suite>
<statistics>
<total>
<stat pass="1" fail="0" skip="0">All Tests</stat>
</total>
<tag>
</tag>
<suite>
<stat name="Test Suite" id="s1" pass="1" fail="0" skip="0">Test Suite</stat>
</suite>
</statistics>
<errors>
</errors>
</robot>
